mode: set
github.com/infraguard/drift-engine/pkg/state/comparator.go:17.34,19.2 1 1
github.com/infraguard/drift-engine/pkg/state/comparator.go:28.23,30.29 2 1
github.com/infraguard/drift-engine/pkg/state/comparator.go:30.29,32.3 1 1
github.com/infraguard/drift-engine/pkg/state/comparator.go:34.2,35.30 2 1
github.com/infraguard/drift-engine/pkg/state/comparator.go:35.30,37.14 2 1
github.com/infraguard/drift-engine/pkg/state/comparator.go:37.14,38.12 1 1
github.com/infraguard/drift-engine/pkg/state/comparator.go:41.3,41.97 1 1
github.com/infraguard/drift-engine/pkg/state/comparator.go:41.97,52.4 1 1
github.com/infraguard/drift-engine/pkg/state/comparator.go:54.3,54.95 1 1
github.com/infraguard/drift-engine/pkg/state/comparator.go:54.95,65.4 1 0
github.com/infraguard/drift-engine/pkg/state/comparator.go:67.2,67.15 1 1
github.com/infraguard/drift-engine/pkg/state/comparator.go:75.23,83.25 3 1
github.com/infraguard/drift-engine/pkg/state/comparator.go:83.25,94.3 1 1
github.com/infraguard/drift-engine/pkg/state/comparator.go:96.2,96.15 1 1
github.com/infraguard/drift-engine/pkg/state/comparator.go:100.82,101.31 1 1
github.com/infraguard/drift-engine/pkg/state/comparator.go:101.31,103.3 1 1
github.com/infraguard/drift-engine/pkg/state/comparator.go:104.2,104.31 1 1
github.com/infraguard/drift-engine/pkg/state/comparator.go:104.31,106.3 1 1
github.com/infraguard/drift-engine/pkg/state/comparator.go:107.2,107.33 1 0
github.com/infraguard/drift-engine/pkg/state/comparator.go:111.51,114.2 2 1
github.com/infraguard/drift-engine/pkg/state/store.go:19.68,21.16 2 1
github.com/infraguard/drift-engine/pkg/state/store.go:21.16,23.3 1 0
github.com/infraguard/drift-engine/pkg/state/store.go:24.2,24.39 1 1
github.com/infraguard/drift-engine/pkg/state/store.go:24.39,26.3 1 0
github.com/infraguard/drift-engine/pkg/state/store.go:27.2,27.32 1 1
github.com/infraguard/drift-engine/pkg/state/store.go:31.25,33.2 1 1
github.com/infraguard/drift-engine/pkg/state/store.go:38.81,40.16 2 1
github.com/infraguard/drift-engine/pkg/state/store.go:40.16,42.3 1 0
github.com/infraguard/drift-engine/pkg/state/store.go:43.2,44.16 2 1
github.com/infraguard/drift-engine/pkg/state/store.go:44.16,46.3 1 0
github.com/infraguard/drift-engine/pkg/state/store.go:47.2,48.16 2 1
github.com/infraguard/drift-engine/pkg/state/store.go:48.16,50.3 1 0
github.com/infraguard/drift-engine/pkg/state/store.go:52.2,53.20 2 1
github.com/infraguard/drift-engine/pkg/state/store.go:53.20,55.3 1 0
github.com/infraguard/drift-engine/pkg/state/store.go:57.2,58.18 2 1
github.com/infraguard/drift-engine/pkg/state/store.go:58.18,60.3 1 1
github.com/infraguard/drift-engine/pkg/state/store.go:62.2,71.16 2 1
github.com/infraguard/drift-engine/pkg/state/store.go:71.16,73.3 1 0
github.com/infraguard/drift-engine/pkg/state/store.go:74.2,74.12 1 1
github.com/infraguard/drift-engine/pkg/state/store.go:79.112,81.16 2 1
github.com/infraguard/drift-engine/pkg/state/store.go:81.16,83.3 1 0
github.com/infraguard/drift-engine/pkg/state/store.go:85.2,90.16 2 1
github.com/infraguard/drift-engine/pkg/state/store.go:90.16,92.3 1 0
github.com/infraguard/drift-engine/pkg/state/store.go:93.2,93.12 1 1
github.com/infraguard/drift-engine/pkg/state/store.go:98.107,107.16 3 1
github.com/infraguard/drift-engine/pkg/state/store.go:107.16,108.45 1 1
github.com/infraguard/drift-engine/pkg/state/store.go:108.45,110.4 1 1
github.com/infraguard/drift-engine/pkg/state/store.go:111.3,111.52 1 0
github.com/infraguard/drift-engine/pkg/state/store.go:114.2,115.59 2 1
github.com/infraguard/drift-engine/pkg/state/store.go:115.59,117.3 1 0
github.com/infraguard/drift-engine/pkg/state/store.go:118.2,118.20 1 1
github.com/infraguard/drift-engine/pkg/state/store.go:123.72,128.16 3 1
github.com/infraguard/drift-engine/pkg/state/store.go:128.16,130.3 1 0
github.com/infraguard/drift-engine/pkg/state/store.go:131.2,131.19 1 1
